[2024-03-17 11:56:39] local.ERROR: SQLSTATE[42S21]: Column already exists: 1060 Duplicate column name 'password' (Connection: mysql, SQL: create table `users` (`id` bigint unsigned not null auto_increment primary key, `fName` varchar(255) not null, `lName` varchar(255) not null, `NIC` varchar(255) not null, `email` varchar(255) not null, `password` varchar(255) not null, `contact_number` varchar(255) not null, `image` varchar(255) null, `rfid` varchar(255) null, `account_credits` decimal(10, 2) not null default '0', `status` varchar(255) not null default 'active', `contactnumber_verified_at` timestamp null, `password` varchar(255) not null, `remember_token` varchar(100) null, `created_at` timestamp null, `updated_at` timestamp null) default character set utf8mb4 collate 'utf8mb4_unicode_ci') {"exception":"[object] (Illuminate\\Database\\QueryException(code: 42S21): SQLSTATE[42S21]: Column already exists: 1060 Duplicate column name 'password' (Connection: mysql, SQL: create table `users` (`id` bigint unsigned not null auto_increment primary key, `fName` varchar(255) not null, `lName` varchar(255) not null, `NIC` varchar(255) not null, `email` varchar(255) not null, `password` varchar(255) not null, `contact_number` varchar(255) not null, `image` varchar(255) null, `rfid` varchar(255) null, `account_credits` decimal(10, 2) not null default '0', `status` varchar(255) not null default 'active', `contactnumber_verified_at` timestamp null, `password` varchar(255) not null, `remember_token` varchar(100) null, `created_at` timestamp null, `updated_at` timestamp null) default character set utf8mb4 collate 'utf8mb4_unicode_ci') at C:\\Users\\DINAKARA\\OneDrive\\Desktop\\proposal\\mine\\project\\BackEnd\\RFIDBACKEND\\vendor\\laravel\\framework\\src\\Illuminate\\Database\\Connection.php:829)
[stacktrace]
#0 C:\\Users\\DINAKARA\\OneDrive\\Desktop\\proposal\\mine\\project\\BackEnd\\RFIDBACKEND\\vendor\\laravel\\framework\\src\\Illuminate\\Database\\Connection.php(783): Illuminate\\Database\\Connection->runQueryCallback('create table `u...', Array, Object(Closure))
#1 C:\\Users\\DINAKARA\\OneDrive\\Desktop\\proposal\\mine\\project\\BackEnd\\RFIDBACKEND\\vendor\\laravel\\framework\\src\\Illuminate\\Database\\Connection.php(588): Illuminate\\Database\\Connection->run('create table `u...', Array, Object(Closure))
#2 C:\\Users\\DINAKARA\\OneDrive\\Desktop\\proposal\\mine\\project\\BackEnd\\RFIDBACKEND\\vendor\\laravel\\framework\\src\\Illuminate\\Database\\Schema\\Blueprint.php(110): Illuminate\\Database\\Connection->statement('create table `u...')
#3 C:\\Users\\DINAKARA\\OneDrive\\Desktop\\proposal\\mine\\project\\BackEnd\\RFIDBACKEND\\vendor\\laravel\\framework\\src\\Illuminate\\Database\\Schema\\Builder.php(602): Illuminate\\Database\\Schema\\Blueprint->build(Object(Illuminate\\Database\\MySqlConnection), Object(Illuminate\\Database\\Schema\\Grammars\\MySqlGrammar))
#4 C:\\Users\\DINAKARA\\OneDrive\\Desktop\\proposal\\mine\\project\\BackEnd\\RFIDBACKEND\\vendor\\laravel\\framework\\src\\Illuminate\\Database\\Schema\\Builder.php(460): Illuminate\\Database\\Schema\\Builder->build(Object(Illuminate\\Database\\Schema\\Blueprint))
#5 C:\\Users\\DINAKARA\\OneDrive\\Desktop\\proposal\\mine\\project\\BackEnd\\RFIDBACKEND\\vendor\\laravel\\framework\\src\\Illuminate\\Support\\Facades\\Facade.php(355): Illuminate\\Database\\Schema\\Builder->create('users', Object(Closure))
#6 C:\\Users\\DINAKARA\\OneDrive\\Desktop\\proposal\\mine\\project\\BackEnd\\RFIDBACKEND\\database\\migrations\\2014_10_12_000000_create_users_table.php(30): Illuminate\\Support\\Facades\\Facade::__callStatic('create', Array)
#7 C:\\Users\\DINAKARA\\OneDrive\\Desktop\\proposal\\mine\\project\\BackEnd\\RFIDBACKEND\\vendor\\laravel\\framework\\src\\Illuminate\\Database\\Migrations\\Migrator.php(493): Illuminate\\Database\\Migrations\\Migration@anonymous->up()
#8 C:\\Users\\DINAKARA\\OneDrive\\Desktop\\proposal\\mine\\project\\BackEnd\\RFIDBACKEND\\vendor\\laravel\\framework\\src\\Illuminate\\Database\\Migrations\\Migrator.php(410): Illuminate\\Database\\Migrations\\Migrator->runMethod(Object(Illuminate\\Database\\MySqlConnection), Object(Illuminate\\Database\\Migrations\\Migration@anonymous), 'up')
#9 C:\\Users\\DINAKARA\\OneDrive\\Desktop\\proposal\\mine\\project\\BackEnd\\RFIDBACKEND\\vendor\\laravel\\framework\\src\\Illuminate\\Database\\Migrations\\Migrator.php(419): Illuminate\\Database\\Migrations\\Migrator->Illuminate\\Database\\Migrations\\{closure}()
#10 C:\\Users\\DINAKARA\\OneDrive\\Desktop\\proposal\\mine\\project\\BackEnd\\RFIDBACKEND\\vendor\\laravel\\framework\\src\\Illuminate\\Database\\Migrations\\Migrator.php(216): Illuminate\\Database\\Migrations\\Migrator->runMigration(Object(Illuminate\\Database\\Migrations\\Migration@anonymous), 'up')
#11 C:\\Users\\DINAKARA\\OneDrive\\Desktop\\proposal\\mine\\project\\BackEnd\\RFIDBACKEND\\vendor\\laravel\\framework\\src\\Illuminate\\Console\\View\\Components\\Task.php(37): Illuminate\\Database\\Migrations\\Migrator->Illuminate\\Database\\Migrations\\{closure}()
#12 C:\\Users\\DINAKARA\\OneDrive\\Desktop\\proposal\\mine\\project\\BackEnd\\RFIDBACKEND\\vendor\\laravel\\framework\\src\\Illuminate\\Database\\Migrations\\Migrator.php(756): Illuminate\\Console\\View\\Components\\Task->render('2014_10_12_0000...', Object(Closure))
#13 C:\\Users\\DINAKARA\\OneDrive\\Desktop\\proposal\\mine\\project\\BackEnd\\RFIDBACKEND\\vendor\\laravel\\framework\\src\\Illuminate\\Database\\Migrations\\Migrator.php(216): Illuminate\\Database\\Migrations\\Migrator->write('Illuminate\\\\Cons...', '2014_10_12_0000...', Object(Closure))
#14 C:\\Users\\DINAKARA\\OneDrive\\Desktop\\proposal\\mine\\project\\BackEnd\\RFIDBACKEND\\vendor\\laravel\\framework\\src\\Illuminate\\Database\\Migrations\\Migrator.php(181): Illuminate\\Database\\Migrations\\Migrator->runUp('C:\\\\Users\\\\DINAKA...', 1, false)
#15 C:\\Users\\DINAKARA\\OneDrive\\Desktop\\proposal\\mine\\project\\BackEnd\\RFIDBACKEND\\vendor\\laravel\\framework\\src\\Illuminate\\Database\\Migrations\\Migrator.php(124): Illuminate\\Database\\Migrations\\Migrator->runPending(Array, Array)
#16 C:\\Users\\DINAKARA\\OneDrive\\Desktop\\proposal\\mine\\project\\BackEnd\\RFIDBACKEND\\vendor\\laravel\\framework\\src\\Illuminate\\Database\\Console\\Migrations\\MigrateCommand.php(92): Illuminate\\Database\\Migrations\\Migrator->run(Array, Array)
#17 C:\\Users\\DINAKARA\\OneDrive\\Desktop\\proposal\\mine\\project\\BackEnd\\RFIDBACKEND\\vendor\\laravel\\framework\\src\\Illuminate\\Database\\Migrations\\Migrator.php(633): Illuminate\\Database\\Console\\Migrations\\MigrateCommand->Illuminate\\Database\\Console\\Migrations\\{closure}()
#18 C:\\Users\\DINAKARA\\OneDrive\\Desktop\\proposal\\mine\\project\\BackEnd\\RFIDBACKEND\\vendor\\laravel\\framework\\src\\Illuminate\\Database\\Console\\Migrations\\MigrateCommand.php(104): Illuminate\\Database\\Migrations\\Migrator->usingConnection(NULL, Object(Closure))
#19 C:\\Users\\DINAKARA\\OneDrive\\Desktop\\proposal\\mine\\project\\BackEnd\\RFIDBACKEND\\vendor\\laravel\\framework\\src\\Illuminate\\Container\\BoundMethod.php(36): Illuminate\\Database\\Console\\Migrations\\MigrateCommand->handle()
#20 C:\\Users\\DINAKARA\\OneDrive\\Desktop\\proposal\\mine\\project\\BackEnd\\RFIDBACKEND\\vendor\\laravel\\framework\\src\\Illuminate\\Container\\Util.php(41): Illuminate\\Container\\BoundMethod::Illuminate\\Container\\{closure}()
#21 C:\\Users\\DINAKARA\\OneDrive\\Desktop\\proposal\\mine\\project\\BackEnd\\RFIDBACKEND\\vendor\\laravel\\framework\\src\\Illuminate\\Container\\BoundMethod.php(93): Illuminate\\Container\\Util::unwrapIfClosure(Object(Closure))
#22 C:\\Users\\DINAKARA\\OneDrive\\Desktop\\proposal\\mine\\project\\BackEnd\\RFIDBACKEND\\vendor\\laravel\\framework\\src\\Illuminate\\Container\\BoundMethod.php(37): Illuminate\\Container\\BoundMethod::callBoundMethod(Object(Illuminate\\Foundation\\Application), Array, Object(Closure))
#23 C:\\Users\\DINAKARA\\OneDrive\\Desktop\\proposal\\mine\\project\\BackEnd\\RFIDBACKEND\\vendor\\laravel\\framework\\src\\Illuminate\\Container\\Container.php(662): Illuminate\\Container\\BoundMethod::call(Object(Illuminate\\Foundation\\Application), Array, Array, NULL)
#24 C:\\Users\\DINAKARA\\OneDrive\\Desktop\\proposal\\mine\\project\\BackEnd\\RFIDBACKEND\\vendor\\laravel\\framework\\src\\Illuminate\\Console\\Command.php(211): Illuminate\\Container\\Container->call(Array)
#25 C:\\Users\\DINAKARA\\OneDrive\\Desktop\\proposal\\mine\\project\\BackEnd\\RFIDBACKEND\\vendor\\symfony\\console\\Command\\Command.php(326): Illuminate\\Console\\Command->execute(Object(Symfony\\Component\\Console\\Input\\ArrayInput), Object(Illuminate\\Console\\OutputStyle))
#26 C:\\Users\\DINAKARA\\OneDrive\\Desktop\\proposal\\mine\\project\\BackEnd\\RFIDBACKEND\\vendor\\laravel\\framework\\src\\Illuminate\\Console\\Command.php(181): Symfony\\Component\\Console\\Command\\Command->run(Object(Symfony\\Component\\Console\\Input\\ArrayInput), Object(Illuminate\\Console\\OutputStyle))
#27 C:\\Users\\DINAKARA\\OneDrive\\Desktop\\proposal\\mine\\project\\BackEnd\\RFIDBACKEND\\vendor\\laravel\\framework\\src\\Illuminate\\Console\\Concerns\\CallsCommands.php(68): Illuminate\\Console\\Command->run(Object(Symfony\\Component\\Console\\Input\\ArrayInput), Object(Illuminate\\Console\\OutputStyle))
#28 C:\\Users\\DINAKARA\\OneDrive\\Desktop\\proposal\\mine\\project\\BackEnd\\RFIDBACKEND\\vendor\\laravel\\framework\\src\\Illuminate\\Console\\Concerns\\CallsCommands.php(28): Illuminate\\Console\\Command->runCommand('migrate', Array, Object(Illuminate\\Console\\OutputStyle))
#29 C:\\Users\\DINAKARA\\OneDrive\\Desktop\\proposal\\mine\\project\\BackEnd\\RFIDBACKEND\\vendor\\laravel\\framework\\src\\Illuminate\\Database\\Console\\Migrations\\FreshCommand.php(59): Illuminate\\Console\\Command->call('migrate', Array)
#30 C:\\Users\\DINAKARA\\OneDrive\\Desktop\\proposal\\mine\\project\\BackEnd\\RFIDBACKEND\\vendor\\laravel\\framework\\src\\Illuminate\\Container\\BoundMethod.php(36): Illuminate\\Database\\Console\\Migrations\\FreshCommand->handle()
#31 C:\\Users\\DINAKARA\\OneDrive\\Desktop\\proposal\\mine\\project\\BackEnd\\RFIDBACKEND\\vendor\\laravel\\framework\\src\\Illuminate\\Container\\Util.php(41): Illuminate\\Container\\BoundMethod::Illuminate\\Container\\{closure}()
#32 C:\\Users\\DINAKARA\\OneDrive\\Desktop\\proposal\\mine\\project\\BackEnd\\RFIDBACKEND\\vendor\\laravel\\framework\\src\\Illuminate\\Container\\BoundMethod.php(93): Illuminate\\Container\\Util::unwrapIfClosure(Object(Closure))
#33 C:\\Users\\DINAKARA\\OneDrive\\Desktop\\proposal\\mine\\project\\BackEnd\\RFIDBACKEND\\vendor\\laravel\\framework\\src\\Illuminate\\Container\\BoundMethod.php(37): Illuminate\\Container\\BoundMethod::callBoundMethod(Object(Illuminate\\Foundation\\Application), Array, Object(Closure))
#34 C:\\Users\\DINAKARA\\OneDrive\\Desktop\\proposal\\mine\\project\\BackEnd\\RFIDBACKEND\\vendor\\laravel\\framework\\src\\Illuminate\\Container\\Container.php(662): Illuminate\\Container\\BoundMethod::call(Object(Illuminate\\Foundation\\Application), Array, Array, NULL)
#35 C:\\Users\\DINAKARA\\OneDrive\\Desktop\\proposal\\mine\\project\\BackEnd\\RFIDBACKEND\\vendor\\laravel\\framework\\src\\Illuminate\\Console\\Command.php(211): Illuminate\\Container\\Container->call(Array)
#36 C:\\Users\\DINAKARA\\OneDrive\\Desktop\\proposal\\mine\\project\\BackEnd\\RFIDBACKEND\\vendor\\symfony\\console\\Command\\Command.php(326): Illuminate\\Console\\Command->execute(Object(Symfony\\Component\\Console\\Input\\ArgvInput), Object(Illuminate\\Console\\OutputStyle))
#37 C:\\Users\\DINAKARA\\OneDrive\\Desktop\\proposal\\mine\\project\\BackEnd\\RFIDBACKEND\\vendor\\laravel\\framework\\src\\Illuminate\\Console\\Command.php(181): Symfony\\Component\\Console\\Command\\Command->run(Object(Symfony\\Component\\Console\\Input\\ArgvInput), Object(Illuminate\\Console\\OutputStyle))
#38 C:\\Users\\DINAKARA\\OneDrive\\Desktop\\proposal\\mine\\project\\BackEnd\\RFIDBACKEND\\vendor\\symfony\\console\\Application.php(1096): Illuminate\\Console\\Command->run(Object(Symfony\\Component\\Console\\Input\\ArgvInput), Object(Symfony\\Component\\Console\\Output\\ConsoleOutput))
#39 C:\\Users\\DINAKARA\\OneDrive\\Desktop\\proposal\\mine\\project\\BackEnd\\RFIDBACKEND\\vendor\\symfony\\console\\Application.php(324): Symfony\\Component\\Console\\Application->doRunCommand(Object(Illuminate\\Database\\Console\\Migrations\\FreshCommand), Object(Symfony\\Component\\Console\\Input\\ArgvInput), Object(Symfony\\Component\\Console\\Output\\ConsoleOutput))
#40 C:\\Users\\DINAKARA\\OneDrive\\Desktop\\proposal\\mine\\project\\BackEnd\\RFIDBACKEND\\vendor\\symfony\\console\\Application.php(175): Symfony\\Component\\Console\\Application->doRun(Object(Symfony\\Component\\Console\\Input\\ArgvInput), Object(Symfony\\Component\\Console\\Output\\ConsoleOutput))
#41 C:\\Users\\DINAKARA\\OneDrive\\Desktop\\proposal\\mine\\project\\BackEnd\\RFIDBACKEND\\vendor\\laravel\\framework\\src\\Illuminate\\Foundation\\Console\\Kernel.php(201): Symfony\\Component\\Console\\Application->run(Object(Symfony\\Component\\Console\\Input\\ArgvInput), Object(Symfony\\Component\\Console\\Output\\ConsoleOutput))
#42 C:\\Users\\DINAKARA\\OneDrive\\Desktop\\proposal\\mine\\project\\BackEnd\\RFIDBACKEND\\artisan(37): Illuminate\\Foundation\\Console\\Kernel->handle(Object(Symfony\\Component\\Console\\Input\\ArgvInput), Object(Symfony\\Component\\Console\\Output\\ConsoleOutput))
#43 {main}

[previous exception] [object] (PDOException(code: 42S21): SQLSTATE[42S21]: Column already exists: 1060 Duplicate column name 'password' at C:\\Users\\DINAKARA\\OneDrive\\Desktop\\proposal\\mine\\project\\BackEnd\\RFIDBACKEND\\vendor\\laravel\\framework\\src\\Illuminate\\Database\\Connection.php:587)
[stacktrace]
#0 C:\\Users\\DINAKARA\\OneDrive\\Desktop\\proposal\\mine\\project\\BackEnd\\RFIDBACKEND\\vendor\\laravel\\framework\\src\\Illuminate\\Database\\Connection.php(587): PDOStatement->execute()
#1 C:\\Users\\DINAKARA\\OneDrive\\Desktop\\proposal\\mine\\project\\BackEnd\\RFIDBACKEND\\vendor\\laravel\\framework\\src\\Illuminate\\Database\\Connection.php(816): Illuminate\\Database\\Connection->Illuminate\\Database\\{closure}('create table `u...', Array)
#2 C:\\Users\\DINAKARA\\OneDrive\\Desktop\\proposal\\mine\\project\\BackEnd\\RFIDBACKEND\\vendor\\laravel\\framework\\src\\Illuminate\\Database\\Connection.php(783): Illuminate\\Database\\Connection->runQueryCallback('create table `u...', Array, Object(Closure))
#3 C:\\Users\\DINAKARA\\OneDrive\\Desktop\\proposal\\mine\\project\\BackEnd\\RFIDBACKEND\\vendor\\laravel\\framework\\src\\Illuminate\\Database\\Connection.php(588): Illuminate\\Database\\Connection->run('create table `u...', Array, Object(Closure))
#4 C:\\Users\\DINAKARA\\OneDrive\\Desktop\\proposal\\mine\\project\\BackEnd\\RFIDBACKEND\\vendor\\laravel\\framework\\src\\Illuminate\\Database\\Schema\\Blueprint.php(110): Illuminate\\Database\\Connection->statement('create table `u...')
#5 C:\\Users\\DINAKARA\\OneDrive\\Desktop\\proposal\\mine\\project\\BackEnd\\RFIDBACKEND\\vendor\\laravel\\framework\\src\\Illuminate\\Database\\Schema\\Builder.php(602): Illuminate\\Database\\Schema\\Blueprint->build(Object(Illuminate\\Database\\MySqlConnection), Object(Illuminate\\Database\\Schema\\Grammars\\MySqlGrammar))
#6 C:\\Users\\DINAKARA\\OneDrive\\Desktop\\proposal\\mine\\project\\BackEnd\\RFIDBACKEND\\vendor\\laravel\\framework\\src\\Illuminate\\Database\\Schema\\Builder.php(460): Illuminate\\Database\\Schema\\Builder->build(Object(Illuminate\\Database\\Schema\\Blueprint))
#7 C:\\Users\\DINAKARA\\OneDrive\\Desktop\\proposal\\mine\\project\\BackEnd\\RFIDBACKEND\\vendor\\laravel\\framework\\src\\Illuminate\\Support\\Facades\\Facade.php(355): Illuminate\\Database\\Schema\\Builder->create('users', Object(Closure))
#8 C:\\Users\\DINAKARA\\OneDrive\\Desktop\\proposal\\mine\\project\\BackEnd\\RFIDBACKEND\\database\\migrations\\2014_10_12_000000_create_users_table.php(30): Illuminate\\Support\\Facades\\Facade::__callStatic('create', Array)
#9 C:\\Users\\DINAKARA\\OneDrive\\Desktop\\proposal\\mine\\project\\BackEnd\\RFIDBACKEND\\vendor\\laravel\\framework\\src\\Illuminate\\Database\\Migrations\\Migrator.php(493): Illuminate\\Database\\Migrations\\Migration@anonymous->up()
#10 C:\\Users\\DINAKARA\\OneDrive\\Desktop\\proposal\\mine\\project\\BackEnd\\RFIDBACKEND\\vendor\\laravel\\framework\\src\\Illuminate\\Database\\Migrations\\Migrator.php(410): Illuminate\\Database\\Migrations\\Migrator->runMethod(Object(Illuminate\\Database\\MySqlConnection), Object(Illuminate\\Database\\Migrations\\Migration@anonymous), 'up')
#11 C:\\Users\\DINAKARA\\OneDrive\\Desktop\\proposal\\mine\\project\\BackEnd\\RFIDBACKEND\\vendor\\laravel\\framework\\src\\Illuminate\\Database\\Migrations\\Migrator.php(419): Illuminate\\Database\\Migrations\\Migrator->Illuminate\\Database\\Migrations\\{closure}()
#12 C:\\Users\\DINAKARA\\OneDrive\\Desktop\\proposal\\mine\\project\\BackEnd\\RFIDBACKEND\\vendor\\laravel\\framework\\src\\Illuminate\\Database\\Migrations\\Migrator.php(216): Illuminate\\Database\\Migrations\\Migrator->runMigration(Object(Illuminate\\Database\\Migrations\\Migration@anonymous), 'up')
#13 C:\\Users\\DINAKARA\\OneDrive\\Desktop\\proposal\\mine\\project\\BackEnd\\RFIDBACKEND\\vendor\\laravel\\framework\\src\\Illuminate\\Console\\View\\Components\\Task.php(37): Illuminate\\Database\\Migrations\\Migrator->Illuminate\\Database\\Migrations\\{closure}()
#14 C:\\Users\\DINAKARA\\OneDrive\\Desktop\\proposal\\mine\\project\\BackEnd\\RFIDBACKEND\\vendor\\laravel\\framework\\src\\Illuminate\\Database\\Migrations\\Migrator.php(756): Illuminate\\Console\\View\\Components\\Task->render('2014_10_12_0000...', Object(Closure))
#15 C:\\Users\\DINAKARA\\OneDrive\\Desktop\\proposal\\mine\\project\\BackEnd\\RFIDBACKEND\\vendor\\laravel\\framework\\src\\Illuminate\\Database\\Migrations\\Migrator.php(216): Illuminate\\Database\\Migrations\\Migrator->write('Illuminate\\\\Cons...', '2014_10_12_0000...', Object(Closure))
#16 C:\\Users\\DINAKARA\\OneDrive\\Desktop\\proposal\\mine\\project\\BackEnd\\RFIDBACKEND\\vendor\\laravel\\framework\\src\\Illuminate\\Database\\Migrations\\Migrator.php(181): Illuminate\\Database\\Migrations\\Migrator->runUp('C:\\\\Users\\\\DINAKA...', 1, false)
#17 C:\\Users\\DINAKARA\\OneDrive\\Desktop\\proposal\\mine\\project\\BackEnd\\RFIDBACKEND\\vendor\\laravel\\framework\\src\\Illuminate\\Database\\Migrations\\Migrator.php(124): Illuminate\\Database\\Migrations\\Migrator->runPending(Array, Array)
#18 C:\\Users\\DINAKARA\\OneDrive\\Desktop\\proposal\\mine\\project\\BackEnd\\RFIDBACKEND\\vendor\\laravel\\framework\\src\\Illuminate\\Database\\Console\\Migrations\\MigrateCommand.php(92): Illuminate\\Database\\Migrations\\Migrator->run(Array, Array)
#19 C:\\Users\\DINAKARA\\OneDrive\\Desktop\\proposal\\mine\\project\\BackEnd\\RFIDBACKEND\\vendor\\laravel\\framework\\src\\Illuminate\\Database\\Migrations\\Migrator.php(633): Illuminate\\Database\\Console\\Migrations\\MigrateCommand->Illuminate\\Database\\Console\\Migrations\\{closure}()
#20 C:\\Users\\DINAKARA\\OneDrive\\Desktop\\proposal\\mine\\project\\BackEnd\\RFIDBACKEND\\vendor\\laravel\\framework\\src\\Illuminate\\Database\\Console\\Migrations\\MigrateCommand.php(104): Illuminate\\Database\\Migrations\\Migrator->usingConnection(NULL, Object(Closure))
#21 C:\\Users\\DINAKARA\\OneDrive\\Desktop\\proposal\\mine\\project\\BackEnd\\RFIDBACKEND\\vendor\\laravel\\framework\\src\\Illuminate\\Container\\BoundMethod.php(36): Illuminate\\Database\\Console\\Migrations\\MigrateCommand->handle()
#22 C:\\Users\\DINAKARA\\OneDrive\\Desktop\\proposal\\mine\\project\\BackEnd\\RFIDBACKEND\\vendor\\laravel\\framework\\src\\Illuminate\\Container\\Util.php(41): Illuminate\\Container\\BoundMethod::Illuminate\\Container\\{closure}()
#23 C:\\Users\\DINAKARA\\OneDrive\\Desktop\\proposal\\mine\\project\\BackEnd\\RFIDBACKEND\\vendor\\laravel\\framework\\src\\Illuminate\\Container\\BoundMethod.php(93): Illuminate\\Container\\Util::unwrapIfClosure(Object(Closure))
#24 C:\\Users\\DINAKARA\\OneDrive\\Desktop\\proposal\\mine\\project\\BackEnd\\RFIDBACKEND\\vendor\\laravel\\framework\\src\\Illuminate\\Container\\BoundMethod.php(37): Illuminate\\Container\\BoundMethod::callBoundMethod(Object(Illuminate\\Foundation\\Application), Array, Object(Closure))
#25 C:\\Users\\DINAKARA\\OneDrive\\Desktop\\proposal\\mine\\project\\BackEnd\\RFIDBACKEND\\vendor\\laravel\\framework\\src\\Illuminate\\Container\\Container.php(662): Illuminate\\Container\\BoundMethod::call(Object(Illuminate\\Foundation\\Application), Array, Array, NULL)
#26 C:\\Users\\DINAKARA\\OneDrive\\Desktop\\proposal\\mine\\project\\BackEnd\\RFIDBACKEND\\vendor\\laravel\\framework\\src\\Illuminate\\Console\\Command.php(211): Illuminate\\Container\\Container->call(Array)
#27 C:\\Users\\DINAKARA\\OneDrive\\Desktop\\proposal\\mine\\project\\BackEnd\\RFIDBACKEND\\vendor\\symfony\\console\\Command\\Command.php(326): Illuminate\\Console\\Command->execute(Object(Symfony\\Component\\Console\\Input\\ArrayInput), Object(Illuminate\\Console\\OutputStyle))
#28 C:\\Users\\DINAKARA\\OneDrive\\Desktop\\proposal\\mine\\project\\BackEnd\\RFIDBACKEND\\vendor\\laravel\\framework\\src\\Illuminate\\Console\\Command.php(181): Symfony\\Component\\Console\\Command\\Command->run(Object(Symfony\\Component\\Console\\Input\\ArrayInput), Object(Illuminate\\Console\\OutputStyle))
#29 C:\\Users\\DINAKARA\\OneDrive\\Desktop\\proposal\\mine\\project\\BackEnd\\RFIDBACKEND\\vendor\\laravel\\framework\\src\\Illuminate\\Console\\Concerns\\CallsCommands.php(68): Illuminate\\Console\\Command->run(Object(Symfony\\Component\\Console\\Input\\ArrayInput), Object(Illuminate\\Console\\OutputStyle))
#30 C:\\Users\\DINAKARA\\OneDrive\\Desktop\\proposal\\mine\\project\\BackEnd\\RFIDBACKEND\\vendor\\laravel\\framework\\src\\Illuminate\\Console\\Concerns\\CallsCommands.php(28): Illuminate\\Console\\Command->runCommand('migrate', Array, Object(Illuminate\\Console\\OutputStyle))
#31 C:\\Users\\DINAKARA\\OneDrive\\Desktop\\proposal\\mine\\project\\BackEnd\\RFIDBACKEND\\vendor\\laravel\\framework\\src\\Illuminate\\Database\\Console\\Migrations\\FreshCommand.php(59): Illuminate\\Console\\Command->call('migrate', Array)
#32 C:\\Users\\DINAKARA\\OneDrive\\Desktop\\proposal\\mine\\project\\BackEnd\\RFIDBACKEND\\vendor\\laravel\\framework\\src\\Illuminate\\Container\\BoundMethod.php(36): Illuminate\\Database\\Console\\Migrations\\FreshCommand->handle()
#33 C:\\Users\\DINAKARA\\OneDrive\\Desktop\\proposal\\mine\\project\\BackEnd\\RFIDBACKEND\\vendor\\laravel\\framework\\src\\Illuminate\\Container\\Util.php(41): Illuminate\\Container\\BoundMethod::Illuminate\\Container\\{closure}()
#34 C:\\Users\\DINAKARA\\OneDrive\\Desktop\\proposal\\mine\\project\\BackEnd\\RFIDBACKEND\\vendor\\laravel\\framework\\src\\Illuminate\\Container\\BoundMethod.php(93): Illuminate\\Container\\Util::unwrapIfClosure(Object(Closure))
#35 C:\\Users\\DINAKARA\\OneDrive\\Desktop\\proposal\\mine\\project\\BackEnd\\RFIDBACKEND\\vendor\\laravel\\framework\\src\\Illuminate\\Container\\BoundMethod.php(37): Illuminate\\Container\\BoundMethod::callBoundMethod(Object(Illuminate\\Foundation\\Application), Array, Object(Closure))
#36 C:\\Users\\DINAKARA\\OneDrive\\Desktop\\proposal\\mine\\project\\BackEnd\\RFIDBACKEND\\vendor\\laravel\\framework\\src\\Illuminate\\Container\\Container.php(662): Illuminate\\Container\\BoundMethod::call(Object(Illuminate\\Foundation\\Application), Array, Array, NULL)
#37 C:\\Users\\DINAKARA\\OneDrive\\Desktop\\proposal\\mine\\project\\BackEnd\\RFIDBACKEND\\vendor\\laravel\\framework\\src\\Illuminate\\Console\\Command.php(211): Illuminate\\Container\\Container->call(Array)
#38 C:\\Users\\DINAKARA\\OneDrive\\Desktop\\proposal\\mine\\project\\BackEnd\\RFIDBACKEND\\vendor\\symfony\\console\\Command\\Command.php(326): Illuminate\\Console\\Command->execute(Object(Symfony\\Component\\Console\\Input\\ArgvInput), Object(Illuminate\\Console\\OutputStyle))
#39 C:\\Users\\DINAKARA\\OneDrive\\Desktop\\proposal\\mine\\project\\BackEnd\\RFIDBACKEND\\vendor\\laravel\\framework\\src\\Illuminate\\Console\\Command.php(181): Symfony\\Component\\Console\\Command\\Command->run(Object(Symfony\\Component\\Console\\Input\\ArgvInput), Object(Illuminate\\Console\\OutputStyle))
#40 C:\\Users\\DINAKARA\\OneDrive\\Desktop\\proposal\\mine\\project\\BackEnd\\RFIDBACKEND\\vendor\\symfony\\console\\Application.php(1096): Illuminate\\Console\\Command->run(Object(Symfony\\Component\\Console\\Input\\ArgvInput), Object(Symfony\\Component\\Console\\Output\\ConsoleOutput))
#41 C:\\Users\\DINAKARA\\OneDrive\\Desktop\\proposal\\mine\\project\\BackEnd\\RFIDBACKEND\\vendor\\symfony\\console\\Application.php(324): Symfony\\Component\\Console\\Application->doRunCommand(Object(Illuminate\\Database\\Console\\Migrations\\FreshCommand), Object(Symfony\\Component\\Console\\Input\\ArgvInput), Object(Symfony\\Component\\Console\\Output\\ConsoleOutput))
#42 C:\\Users\\DINAKARA\\OneDrive\\Desktop\\proposal\\mine\\project\\BackEnd\\RFIDBACKEND\\vendor\\symfony\\console\\Application.php(175): Symfony\\Component\\Console\\Application->doRun(Object(Symfony\\Component\\Console\\Input\\ArgvInput), Object(Symfony\\Component\\Console\\Output\\ConsoleOutput))
#43 C:\\Users\\DINAKARA\\OneDrive\\Desktop\\proposal\\mine\\project\\BackEnd\\RFIDBACKEND\\vendor\\laravel\\framework\\src\\Illuminate\\Foundation\\Console\\Kernel.php(201): Symfony\\Component\\Console\\Application->run(Object(Symfony\\Component\\Console\\Input\\ArgvInput), Object(Symfony\\Component\\Console\\Output\\ConsoleOutput))
#44 C:\\Users\\DINAKARA\\OneDrive\\Desktop\\proposal\\mine\\project\\BackEnd\\RFIDBACKEND\\artisan(37): Illuminate\\Foundation\\Console\\Kernel->handle(Object(Symfony\\Component\\Console\\Input\\ArgvInput), Object(Symfony\\Component\\Console\\Output\\ConsoleOutput))
#45 {main}
"} 
[2024-03-17 11:57:06] local.ERROR: SQLSTATE[42S22]: Column not found: 1054 Unknown column 'name' in 'field list' (Connection: mysql, SQL: insert into `users` (`name`, `email`, `email_verified_at`, `password`, `remember_token`, `updated_at`, `created_at`) values (Gavin Dibbert IV, kaylee.nicolas@example.net, 2024-03-17 11:57:05, $2y$12$0fVfC8ZYNEsUD1frPcx.juEE5imKxNk.umgOcnW16tTqDolizqeUy, kLXNIkUp0z, 2024-03-17 11:57:06, 2024-03-17 11:57:06)) {"exception":"[object] (Illuminate\\Database\\QueryException(code: 42S22): SQLSTATE[42S22]: Column not found: 1054 Unknown column 'name' in 'field list' (Connection: mysql, SQL: insert into `users` (`name`, `email`, `email_verified_at`, `password`, `remember_token`, `updated_at`, `created_at`) values (Gavin Dibbert IV, kaylee.nicolas@example.net, 2024-03-17 11:57:05, $2y$12$0fVfC8ZYNEsUD1frPcx.juEE5imKxNk.umgOcnW16tTqDolizqeUy, kLXNIkUp0z, 2024-03-17 11:57:06, 2024-03-17 11:57:06)) at C:\\Users\\DINAKARA\\OneDrive\\Desktop\\proposal\\mine\\project\\BackEnd\\RFIDBACKEND\\vendor\\laravel\\framework\\src\\Illuminate\\Database\\Connection.php:829)
[stacktrace]
#0 C:\\Users\\DINAKARA\\OneDrive\\Desktop\\proposal\\mine\\project\\BackEnd\\RFIDBACKEND\\vendor\\laravel\\framework\\src\\Illuminate\\Database\\Connection.php(783): Illuminate\\Database\\Connection->runQueryCallback('insert into `us...', Array, Object(Closure))
#1 C:\\Users\\DINAKARA\\OneDrive\\Desktop\\proposal\\mine\\project\\BackEnd\\RFIDBACKEND\\vendor\\laravel\\framework\\src\\Illuminate\\Database\\Connection.php(588): Illuminate\\Database\\Connection->run('insert into `us...', Array, Object(Closure))
#2 C:\\Users\\DINAKARA\\OneDrive\\Desktop\\proposal\\mine\\project\\BackEnd\\RFIDBACKEND\\vendor\\laravel\\framework\\src\\Illuminate\\Database\\Connection.php(540): Illuminate\\Database\\Connection->statement('insert into `us...', Array)
#3 C:\\Users\\DINAKARA\\OneDrive\\Desktop\\proposal\\mine\\project\\BackEnd\\RFIDBACKEND\\vendor\\laravel\\framework\\src\\Illuminate\\Database\\Query\\Processors\\Processor.php(32): Illuminate\\Database\\Connection->insert('insert into `us...', Array)
#4 C:\\Users\\DINAKARA\\OneDrive\\Desktop\\proposal\\mine\\project\\BackEnd\\RFIDBACKEND\\vendor\\laravel\\framework\\src\\Illuminate\\Database\\Query\\Builder.php(3507): Illuminate\\Database\\Query\\Processors\\Processor->processInsertGetId(Object(Illuminate\\Database\\Query\\Builder), 'insert into `us...', Array, 'id')
#5 C:\\Users\\DINAKARA\\OneDrive\\Desktop\\proposal\\mine\\project\\BackEnd\\RFIDBACKEND\\vendor\\laravel\\framework\\src\\Illuminate\\Database\\Eloquent\\Builder.php(1969): Illuminate\\Database\\Query\\Builder->insertGetId(Array, 'id')
#6 C:\\Users\\DINAKARA\\OneDrive\\Desktop\\proposal\\mine\\project\\BackEnd\\RFIDBACKEND\\vendor\\laravel\\framework\\src\\Illuminate\\Database\\Eloquent\\Model.php(1333): Illuminate\\Database\\Eloquent\\Builder->__call('insertGetId', Array)
#7 C:\\Users\\DINAKARA\\OneDrive\\Desktop\\proposal\\mine\\project\\BackEnd\\RFIDBACKEND\\vendor\\laravel\\framework\\src\\Illuminate\\Database\\Eloquent\\Model.php(1298): Illuminate\\Database\\Eloquent\\Model->insertAndSetId(Object(Illuminate\\Database\\Eloquent\\Builder), Array)
#8 C:\\Users\\DINAKARA\\OneDrive\\Desktop\\proposal\\mine\\project\\BackEnd\\RFIDBACKEND\\vendor\\laravel\\framework\\src\\Illuminate\\Database\\Eloquent\\Model.php(1137): Illuminate\\Database\\Eloquent\\Model->performInsert(Object(Illuminate\\Database\\Eloquent\\Builder))
#9 C:\\Users\\DINAKARA\\OneDrive\\Desktop\\proposal\\mine\\project\\BackEnd\\RFIDBACKEND\\vendor\\laravel\\framework\\src\\Illuminate\\Database\\Eloquent\\Factories\\Factory.php(338): Illuminate\\Database\\Eloquent\\Model->save()
#10 C:\\Users\\DINAKARA\\OneDrive\\Desktop\\proposal\\mine\\project\\BackEnd\\RFIDBACKEND\\vendor\\laravel\\framework\\src\\Illuminate\\Collections\\Traits\\EnumeratesValues.php(240): Illuminate\\Database\\Eloquent\\Factories\\Factory->Illuminate\\Database\\Eloquent\\Factories\\{closure}(Object(App\\Models\\User), 0)
#11 C:\\Users\\DINAKARA\\OneDrive\\Desktop\\proposal\\mine\\project\\BackEnd\\RFIDBACKEND\\vendor\\laravel\\framework\\src\\Illuminate\\Database\\Eloquent\\Factories\\Factory.php(347): Illuminate\\Support\\Collection->each(Object(Closure))
#12 C:\\Users\\DINAKARA\\OneDrive\\Desktop\\proposal\\mine\\project\\BackEnd\\RFIDBACKEND\\vendor\\laravel\\framework\\src\\Illuminate\\Database\\Eloquent\\Factories\\Factory.php(291): Illuminate\\Database\\Eloquent\\Factories\\Factory->store(Object(Illuminate\\Database\\Eloquent\\Collection))
#13 C:\\Users\\DINAKARA\\OneDrive\\Desktop\\proposal\\mine\\project\\BackEnd\\RFIDBACKEND\\database\\seeders\\DatabaseSeeder.php(15): Illuminate\\Database\\Eloquent\\Factories\\Factory->create()
#14 C:\\Users\\DINAKARA\\OneDrive\\Desktop\\proposal\\mine\\project\\BackEnd\\RFIDBACKEND\\vendor\\laravel\\framework\\src\\Illuminate\\Container\\BoundMethod.php(36): Database\\Seeders\\DatabaseSeeder->run()
#15 C:\\Users\\DINAKARA\\OneDrive\\Desktop\\proposal\\mine\\project\\BackEnd\\RFIDBACKEND\\vendor\\laravel\\framework\\src\\Illuminate\\Container\\Util.php(41): Illuminate\\Container\\BoundMethod::Illuminate\\Container\\{closure}()
#16 C:\\Users\\DINAKARA\\OneDrive\\Desktop\\proposal\\mine\\project\\BackEnd\\RFIDBACKEND\\vendor\\laravel\\framework\\src\\Illuminate\\Container\\BoundMethod.php(93): Illuminate\\Container\\Util::unwrapIfClosure(Object(Closure))
#17 C:\\Users\\DINAKARA\\OneDrive\\Desktop\\proposal\\mine\\project\\BackEnd\\RFIDBACKEND\\vendor\\laravel\\framework\\src\\Illuminate\\Container\\BoundMethod.php(37): Illuminate\\Container\\BoundMethod::callBoundMethod(Object(Illuminate\\Foundation\\Application), Array, Object(Closure))
#18 C:\\Users\\DINAKARA\\OneDrive\\Desktop\\proposal\\mine\\project\\BackEnd\\RFIDBACKEND\\vendor\\laravel\\framework\\src\\Illuminate\\Container\\Container.php(662): Illuminate\\Container\\BoundMethod::call(Object(Illuminate\\Foundation\\Application), Array, Array, NULL)
#19 C:\\Users\\DINAKARA\\OneDrive\\Desktop\\proposal\\mine\\project\\BackEnd\\RFIDBACKEND\\vendor\\laravel\\framework\\src\\Illuminate\\Database\\Seeder.php(184): Illuminate\\Container\\Container->call(Array, Array)
#20 C:\\Users\\DINAKARA\\OneDrive\\Desktop\\proposal\\mine\\project\\BackEnd\\RFIDBACKEND\\vendor\\laravel\\framework\\src\\Illuminate\\Database\\Seeder.php(193): Illuminate\\Database\\Seeder->Illuminate\\Database\\{closure}()
#21 C:\\Users\\DINAKARA\\OneDrive\\Desktop\\proposal\\mine\\project\\BackEnd\\RFIDBACKEND\\vendor\\laravel\\framework\\src\\Illuminate\\Database\\Console\\Seeds\\SeedCommand.php(70): Illuminate\\Database\\Seeder->__invoke()
#22 C:\\Users\\DINAKARA\\OneDrive\\Desktop\\proposal\\mine\\project\\BackEnd\\RFIDBACKEND\\vendor\\laravel\\framework\\src\\Illuminate\\Database\\Eloquent\\Concerns\\GuardsAttributes.php(155): Illuminate\\Database\\Console\\Seeds\\SeedCommand->Illuminate\\Database\\Console\\Seeds\\{closure}()
#23 C:\\Users\\DINAKARA\\OneDrive\\Desktop\\proposal\\mine\\project\\BackEnd\\RFIDBACKEND\\vendor\\laravel\\framework\\src\\Illuminate\\Database\\Console\\Seeds\\SeedCommand.php(71): Illuminate\\Database\\Eloquent\\Model::unguarded(Object(Closure))
#24 C:\\Users\\DINAKARA\\OneDrive\\Desktop\\proposal\\mine\\project\\BackEnd\\RFIDBACKEND\\vendor\\laravel\\framework\\src\\Illuminate\\Container\\BoundMethod.php(36): Illuminate\\Database\\Console\\Seeds\\SeedCommand->handle()
#25 C:\\Users\\DINAKARA\\OneDrive\\Desktop\\proposal\\mine\\project\\BackEnd\\RFIDBACKEND\\vendor\\laravel\\framework\\src\\Illuminate\\Container\\Util.php(41): Illuminate\\Container\\BoundMethod::Illuminate\\Container\\{closure}()
#26 C:\\Users\\DINAKARA\\OneDrive\\Desktop\\proposal\\mine\\project\\BackEnd\\RFIDBACKEND\\vendor\\laravel\\framework\\src\\Illuminate\\Container\\BoundMethod.php(93): Illuminate\\Container\\Util::unwrapIfClosure(Object(Closure))
#27 C:\\Users\\DINAKARA\\OneDrive\\Desktop\\proposal\\mine\\project\\BackEnd\\RFIDBACKEND\\vendor\\laravel\\framework\\src\\Illuminate\\Container\\BoundMethod.php(37): Illuminate\\Container\\BoundMethod::callBoundMethod(Object(Illuminate\\Foundation\\Application), Array, Object(Closure))
#28 C:\\Users\\DINAKARA\\OneDrive\\Desktop\\proposal\\mine\\project\\BackEnd\\RFIDBACKEND\\vendor\\laravel\\framework\\src\\Illuminate\\Container\\Container.php(662): Illuminate\\Container\\BoundMethod::call(Object(Illuminate\\Foundation\\Application), Array, Array, NULL)
#29 C:\\Users\\DINAKARA\\OneDrive\\Desktop\\proposal\\mine\\project\\BackEnd\\RFIDBACKEND\\vendor\\laravel\\framework\\src\\Illuminate\\Console\\Command.php(211): Illuminate\\Container\\Container->call(Array)
#30 C:\\Users\\DINAKARA\\OneDrive\\Desktop\\proposal\\mine\\project\\BackEnd\\RFIDBACKEND\\vendor\\symfony\\console\\Command\\Command.php(326): Illuminate\\Console\\Command->execute(Object(Symfony\\Component\\Console\\Input\\ArrayInput), Object(Illuminate\\Console\\OutputStyle))
#31 C:\\Users\\DINAKARA\\OneDrive\\Desktop\\proposal\\mine\\project\\BackEnd\\RFIDBACKEND\\vendor\\laravel\\framework\\src\\Illuminate\\Console\\Command.php(181): Symfony\\Component\\Console\\Command\\Command->run(Object(Symfony\\Component\\Console\\Input\\ArrayInput), Object(Illuminate\\Console\\OutputStyle))
#32 C:\\Users\\DINAKARA\\OneDrive\\Desktop\\proposal\\mine\\project\\BackEnd\\RFIDBACKEND\\vendor\\laravel\\framework\\src\\Illuminate\\Console\\Concerns\\CallsCommands.php(68): Illuminate\\Console\\Command->run(Object(Symfony\\Component\\Console\\Input\\ArrayInput), Object(Illuminate\\Console\\OutputStyle))
#33 C:\\Users\\DINAKARA\\OneDrive\\Desktop\\proposal\\mine\\project\\BackEnd\\RFIDBACKEND\\vendor\\laravel\\framework\\src\\Illuminate\\Console\\Concerns\\CallsCommands.php(28): Illuminate\\Console\\Command->runCommand('db:seed', Array, Object(Illuminate\\Console\\OutputStyle))
#34 C:\\Users\\DINAKARA\\OneDrive\\Desktop\\proposal\\mine\\project\\BackEnd\\RFIDBACKEND\\vendor\\laravel\\framework\\src\\Illuminate\\Database\\Console\\Migrations\\FreshCommand.php(94): Illuminate\\Console\\Command->call('db:seed', Array)
#35 C:\\Users\\DINAKARA\\OneDrive\\Desktop\\proposal\\mine\\project\\BackEnd\\RFIDBACKEND\\vendor\\laravel\\framework\\src\\Illuminate\\Database\\Console\\Migrations\\FreshCommand.php(69): Illuminate\\Database\\Console\\Migrations\\FreshCommand->runSeeder(NULL)
#36 C:\\Users\\DINAKARA\\OneDrive\\Desktop\\proposal\\mine\\project\\BackEnd\\RFIDBACKEND\\vendor\\laravel\\framework\\src\\Illuminate\\Container\\BoundMethod.php(36): Illuminate\\Database\\Console\\Migrations\\FreshCommand->handle()
#37 C:\\Users\\DINAKARA\\OneDrive\\Desktop\\proposal\\mine\\project\\BackEnd\\RFIDBACKEND\\vendor\\laravel\\framework\\src\\Illuminate\\Container\\Util.php(41): Illuminate\\Container\\BoundMethod::Illuminate\\Container\\{closure}()
#38 C:\\Users\\DINAKARA\\OneDrive\\Desktop\\proposal\\mine\\project\\BackEnd\\RFIDBACKEND\\vendor\\laravel\\framework\\src\\Illuminate\\Container\\BoundMethod.php(93): Illuminate\\Container\\Util::unwrapIfClosure(Object(Closure))
#39 C:\\Users\\DINAKARA\\OneDrive\\Desktop\\proposal\\mine\\project\\BackEnd\\RFIDBACKEND\\vendor\\laravel\\framework\\src\\Illuminate\\Container\\BoundMethod.php(37): Illuminate\\Container\\BoundMethod::callBoundMethod(Object(Illuminate\\Foundation\\Application), Array, Object(Closure))
#40 C:\\Users\\DINAKARA\\OneDrive\\Desktop\\proposal\\mine\\project\\BackEnd\\RFIDBACKEND\\vendor\\laravel\\framework\\src\\Illuminate\\Container\\Container.php(662): Illuminate\\Container\\BoundMethod::call(Object(Illuminate\\Foundation\\Application), Array, Array, NULL)
#41 C:\\Users\\DINAKARA\\OneDrive\\Desktop\\proposal\\mine\\project\\BackEnd\\RFIDBACKEND\\vendor\\laravel\\framework\\src\\Illuminate\\Console\\Command.php(211): Illuminate\\Container\\Container->call(Array)
#42 C:\\Users\\DINAKARA\\OneDrive\\Desktop\\proposal\\mine\\project\\BackEnd\\RFIDBACKEND\\vendor\\symfony\\console\\Command\\Command.php(326): Illuminate\\Console\\Command->execute(Object(Symfony\\Component\\Console\\Input\\ArgvInput), Object(Illuminate\\Console\\OutputStyle))
#43 C:\\Users\\DINAKARA\\OneDrive\\Desktop\\proposal\\mine\\project\\BackEnd\\RFIDBACKEND\\vendor\\laravel\\framework\\src\\Illuminate\\Console\\Command.php(181): Symfony\\Component\\Console\\Command\\Command->run(Object(Symfony\\Component\\Console\\Input\\ArgvInput), Object(Illuminate\\Console\\OutputStyle))
#44 C:\\Users\\DINAKARA\\OneDrive\\Desktop\\proposal\\mine\\project\\BackEnd\\RFIDBACKEND\\vendor\\symfony\\console\\Application.php(1096): Illuminate\\Console\\Command->run(Object(Symfony\\Component\\Console\\Input\\ArgvInput), Object(Symfony\\Component\\Console\\Output\\ConsoleOutput))
#45 C:\\Users\\DINAKARA\\OneDrive\\Desktop\\proposal\\mine\\project\\BackEnd\\RFIDBACKEND\\vendor\\symfony\\console\\Application.php(324): Symfony\\Component\\Console\\Application->doRunCommand(Object(Illuminate\\Database\\Console\\Migrations\\FreshCommand), Object(Symfony\\Component\\Console\\Input\\ArgvInput), Object(Symfony\\Component\\Console\\Output\\ConsoleOutput))
#46 C:\\Users\\DINAKARA\\OneDrive\\Desktop\\proposal\\mine\\project\\BackEnd\\RFIDBACKEND\\vendor\\symfony\\console\\Application.php(175): Symfony\\Component\\Console\\Application->doRun(Object(Symfony\\Component\\Console\\Input\\ArgvInput), Object(Symfony\\Component\\Console\\Output\\ConsoleOutput))
#47 C:\\Users\\DINAKARA\\OneDrive\\Desktop\\proposal\\mine\\project\\BackEnd\\RFIDBACKEND\\vendor\\laravel\\framework\\src\\Illuminate\\Foundation\\Console\\Kernel.php(201): Symfony\\Component\\Console\\Application->run(Object(Symfony\\Component\\Console\\Input\\ArgvInput), Object(Symfony\\Component\\Console\\Output\\ConsoleOutput))
#48 C:\\Users\\DINAKARA\\OneDrive\\Desktop\\proposal\\mine\\project\\BackEnd\\RFIDBACKEND\\artisan(37): Illuminate\\Foundation\\Console\\Kernel->handle(Object(Symfony\\Component\\Console\\Input\\ArgvInput), Object(Symfony\\Component\\Console\\Output\\ConsoleOutput))
#49 {main}

[previous exception] [object] (PDOException(code: 42S22): SQLSTATE[42S22]: Column not found: 1054 Unknown column 'name' in 'field list' at C:\\Users\\DINAKARA\\OneDrive\\Desktop\\proposal\\mine\\project\\BackEnd\\RFIDBACKEND\\vendor\\laravel\\framework\\src\\Illuminate\\Database\\Connection.php:581)
[stacktrace]
#0 C:\\Users\\DINAKARA\\OneDrive\\Desktop\\proposal\\mine\\project\\BackEnd\\RFIDBACKEND\\vendor\\laravel\\framework\\src\\Illuminate\\Database\\Connection.php(581): PDO->prepare('insert into `us...')
#1 C:\\Users\\DINAKARA\\OneDrive\\Desktop\\proposal\\mine\\project\\BackEnd\\RFIDBACKEND\\vendor\\laravel\\framework\\src\\Illuminate\\Database\\Connection.php(816): Illuminate\\Database\\Connection->Illuminate\\Database\\{closure}('insert into `us...', Array)
#2 C:\\Users\\DINAKARA\\OneDrive\\Desktop\\proposal\\mine\\project\\BackEnd\\RFIDBACKEND\\vendor\\laravel\\framework\\src\\Illuminate\\Database\\Connection.php(783): Illuminate\\Database\\Connection->runQueryCallback('insert into `us...', Array, Object(Closure))
#3 C:\\Users\\DINAKARA\\OneDrive\\Desktop\\proposal\\mine\\project\\BackEnd\\RFIDBACKEND\\vendor\\laravel\\framework\\src\\Illuminate\\Database\\Connection.php(588): Illuminate\\Database\\Connection->run('insert into `us...', Array, Object(Closure))
#4 C:\\Users\\DINAKARA\\OneDrive\\Desktop\\proposal\\mine\\project\\BackEnd\\RFIDBACKEND\\vendor\\laravel\\framework\\src\\Illuminate\\Database\\Connection.php(540): Illuminate\\Database\\Connection->statement('insert into `us...', Array)
#5 C:\\Users\\DINAKARA\\OneDrive\\Desktop\\proposal\\mine\\project\\BackEnd\\RFIDBACKEND\\vendor\\laravel\\framework\\src\\Illuminate\\Database\\Query\\Processors\\Processor.php(32): Illuminate\\Database\\Connection->insert('insert into `us...', Array)
#6 C:\\Users\\DINAKARA\\OneDrive\\Desktop\\proposal\\mine\\project\\BackEnd\\RFIDBACKEND\\vendor\\laravel\\framework\\src\\Illuminate\\Database\\Query\\Builder.php(3507): Illuminate\\Database\\Query\\Processors\\Processor->processInsertGetId(Object(Illuminate\\Database\\Query\\Builder), 'insert into `us...', Array, 'id')
#7 C:\\Users\\DINAKARA\\OneDrive\\Desktop\\proposal\\mine\\project\\BackEnd\\RFIDBACKEND\\vendor\\laravel\\framework\\src\\Illuminate\\Database\\Eloquent\\Builder.php(1969): Illuminate\\Database\\Query\\Builder->insertGetId(Array, 'id')
#8 C:\\Users\\DINAKARA\\OneDrive\\Desktop\\proposal\\mine\\project\\BackEnd\\RFIDBACKEND\\vendor\\laravel\\framework\\src\\Illuminate\\Database\\Eloquent\\Model.php(1333): Illuminate\\Database\\Eloquent\\Builder->__call('insertGetId', Array)
#9 C:\\Users\\DINAKARA\\OneDrive\\Desktop\\proposal\\mine\\project\\BackEnd\\RFIDBACKEND\\vendor\\laravel\\framework\\src\\Illuminate\\Database\\Eloquent\\Model.php(1298): Illuminate\\Database\\Eloquent\\Model->insertAndSetId(Object(Illuminate\\Database\\Eloquent\\Builder), Array)
#10 C:\\Users\\DINAKARA\\OneDrive\\Desktop\\proposal\\mine\\project\\BackEnd\\RFIDBACKEND\\vendor\\laravel\\framework\\src\\Illuminate\\Database\\Eloquent\\Model.php(1137): Illuminate\\Database\\Eloquent\\Model->performInsert(Object(Illuminate\\Database\\Eloquent\\Builder))
#11 C:\\Users\\DINAKARA\\OneDrive\\Desktop\\proposal\\mine\\project\\BackEnd\\RFIDBACKEND\\vendor\\laravel\\framework\\src\\Illuminate\\Database\\Eloquent\\Factories\\Factory.php(338): Illuminate\\Database\\Eloquent\\Model->save()
#12 C:\\Users\\DINAKARA\\OneDrive\\Desktop\\proposal\\mine\\project\\BackEnd\\RFIDBACKEND\\vendor\\laravel\\framework\\src\\Illuminate\\Collections\\Traits\\EnumeratesValues.php(240): Illuminate\\Database\\Eloquent\\Factories\\Factory->Illuminate\\Database\\Eloquent\\Factories\\{closure}(Object(App\\Models\\User), 0)
#13 C:\\Users\\DINAKARA\\OneDrive\\Desktop\\proposal\\mine\\project\\BackEnd\\RFIDBACKEND\\vendor\\laravel\\framework\\src\\Illuminate\\Database\\Eloquent\\Factories\\Factory.php(347): Illuminate\\Support\\Collection->each(Object(Closure))
#14 C:\\Users\\DINAKARA\\OneDrive\\Desktop\\proposal\\mine\\project\\BackEnd\\RFIDBACKEND\\vendor\\laravel\\framework\\src\\Illuminate\\Database\\Eloquent\\Factories\\Factory.php(291): Illuminate\\Database\\Eloquent\\Factories\\Factory->store(Object(Illuminate\\Database\\Eloquent\\Collection))
#15 C:\\Users\\DINAKARA\\OneDrive\\Desktop\\proposal\\mine\\project\\BackEnd\\RFIDBACKEND\\database\\seeders\\DatabaseSeeder.php(15): Illuminate\\Database\\Eloquent\\Factories\\Factory->create()
#16 C:\\Users\\DINAKARA\\OneDrive\\Desktop\\proposal\\mine\\project\\BackEnd\\RFIDBACKEND\\vendor\\laravel\\framework\\src\\Illuminate\\Container\\BoundMethod.php(36): Database\\Seeders\\DatabaseSeeder->run()
#17 C:\\Users\\DINAKARA\\OneDrive\\Desktop\\proposal\\mine\\project\\BackEnd\\RFIDBACKEND\\vendor\\laravel\\framework\\src\\Illuminate\\Container\\Util.php(41): Illuminate\\Container\\BoundMethod::Illuminate\\Container\\{closure}()
#18 C:\\Users\\DINAKARA\\OneDrive\\Desktop\\proposal\\mine\\project\\BackEnd\\RFIDBACKEND\\vendor\\laravel\\framework\\src\\Illuminate\\Container\\BoundMethod.php(93): Illuminate\\Container\\Util::unwrapIfClosure(Object(Closure))
#19 C:\\Users\\DINAKARA\\OneDrive\\Desktop\\proposal\\mine\\project\\BackEnd\\RFIDBACKEND\\vendor\\laravel\\framework\\src\\Illuminate\\Container\\BoundMethod.php(37): Illuminate\\Container\\BoundMethod::callBoundMethod(Object(Illuminate\\Foundation\\Application), Array, Object(Closure))
#20 C:\\Users\\DINAKARA\\OneDrive\\Desktop\\proposal\\mine\\project\\BackEnd\\RFIDBACKEND\\vendor\\laravel\\framework\\src\\Illuminate\\Container\\Container.php(662): Illuminate\\Container\\BoundMethod::call(Object(Illuminate\\Foundation\\Application), Array, Array, NULL)
#21 C:\\Users\\DINAKARA\\OneDrive\\Desktop\\proposal\\mine\\project\\BackEnd\\RFIDBACKEND\\vendor\\laravel\\framework\\src\\Illuminate\\Database\\Seeder.php(184): Illuminate\\Container\\Container->call(Array, Array)
#22 C:\\Users\\DINAKARA\\OneDrive\\Desktop\\proposal\\mine\\project\\BackEnd\\RFIDBACKEND\\vendor\\laravel\\framework\\src\\Illuminate\\Database\\Seeder.php(193): Illuminate\\Database\\Seeder->Illuminate\\Database\\{closure}()
#23 C:\\Users\\DINAKARA\\OneDrive\\Desktop\\proposal\\mine\\project\\BackEnd\\RFIDBACKEND\\vendor\\laravel\\framework\\src\\Illuminate\\Database\\Console\\Seeds\\SeedCommand.php(70): Illuminate\\Database\\Seeder->__invoke()
#24 C:\\Users\\DINAKARA\\OneDrive\\Desktop\\proposal\\mine\\project\\BackEnd\\RFIDBACKEND\\vendor\\laravel\\framework\\src\\Illuminate\\Database\\Eloquent\\Concerns\\GuardsAttributes.php(155): Illuminate\\Database\\Console\\Seeds\\SeedCommand->Illuminate\\Database\\Console\\Seeds\\{closure}()
#25 C:\\Users\\DINAKARA\\OneDrive\\Desktop\\proposal\\mine\\project\\BackEnd\\RFIDBACKEND\\vendor\\laravel\\framework\\src\\Illuminate\\Database\\Console\\Seeds\\SeedCommand.php(71): Illuminate\\Database\\Eloquent\\Model::unguarded(Object(Closure))
#26 C:\\Users\\DINAKARA\\OneDrive\\Desktop\\proposal\\mine\\project\\BackEnd\\RFIDBACKEND\\vendor\\laravel\\framework\\src\\Illuminate\\Container\\BoundMethod.php(36): Illuminate\\Database\\Console\\Seeds\\SeedCommand->handle()
#27 C:\\Users\\DINAKARA\\OneDrive\\Desktop\\proposal\\mine\\project\\BackEnd\\RFIDBACKEND\\vendor\\laravel\\framework\\src\\Illuminate\\Container\\Util.php(41): Illuminate\\Container\\BoundMethod::Illuminate\\Container\\{closure}()
#28 C:\\Users\\DINAKARA\\OneDrive\\Desktop\\proposal\\mine\\project\\BackEnd\\RFIDBACKEND\\vendor\\laravel\\framework\\src\\Illuminate\\Container\\BoundMethod.php(93): Illuminate\\Container\\Util::unwrapIfClosure(Object(Closure))
#29 C:\\Users\\DINAKARA\\OneDrive\\Desktop\\proposal\\mine\\project\\BackEnd\\RFIDBACKEND\\vendor\\laravel\\framework\\src\\Illuminate\\Container\\BoundMethod.php(37): Illuminate\\Container\\BoundMethod::callBoundMethod(Object(Illuminate\\Foundation\\Application), Array, Object(Closure))
#30 C:\\Users\\DINAKARA\\OneDrive\\Desktop\\proposal\\mine\\project\\BackEnd\\RFIDBACKEND\\vendor\\laravel\\framework\\src\\Illuminate\\Container\\Container.php(662): Illuminate\\Container\\BoundMethod::call(Object(Illuminate\\Foundation\\Application), Array, Array, NULL)
#31 C:\\Users\\DINAKARA\\OneDrive\\Desktop\\proposal\\mine\\project\\BackEnd\\RFIDBACKEND\\vendor\\laravel\\framework\\src\\Illuminate\\Console\\Command.php(211): Illuminate\\Container\\Container->call(Array)
#32 C:\\Users\\DINAKARA\\OneDrive\\Desktop\\proposal\\mine\\project\\BackEnd\\RFIDBACKEND\\vendor\\symfony\\console\\Command\\Command.php(326): Illuminate\\Console\\Command->execute(Object(Symfony\\Component\\Console\\Input\\ArrayInput), Object(Illuminate\\Console\\OutputStyle))
#33 C:\\Users\\DINAKARA\\OneDrive\\Desktop\\proposal\\mine\\project\\BackEnd\\RFIDBACKEND\\vendor\\laravel\\framework\\src\\Illuminate\\Console\\Command.php(181): Symfony\\Component\\Console\\Command\\Command->run(Object(Symfony\\Component\\Console\\Input\\ArrayInput), Object(Illuminate\\Console\\OutputStyle))
#34 C:\\Users\\DINAKARA\\OneDrive\\Desktop\\proposal\\mine\\project\\BackEnd\\RFIDBACKEND\\vendor\\laravel\\framework\\src\\Illuminate\\Console\\Concerns\\CallsCommands.php(68): Illuminate\\Console\\Command->run(Object(Symfony\\Component\\Console\\Input\\ArrayInput), Object(Illuminate\\Console\\OutputStyle))
#35 C:\\Users\\DINAKARA\\OneDrive\\Desktop\\proposal\\mine\\project\\BackEnd\\RFIDBACKEND\\vendor\\laravel\\framework\\src\\Illuminate\\Console\\Concerns\\CallsCommands.php(28): Illuminate\\Console\\Command->runCommand('db:seed', Array, Object(Illuminate\\Console\\OutputStyle))
#36 C:\\Users\\DINAKARA\\OneDrive\\Desktop\\proposal\\mine\\project\\BackEnd\\RFIDBACKEND\\vendor\\laravel\\framework\\src\\Illuminate\\Database\\Console\\Migrations\\FreshCommand.php(94): Illuminate\\Console\\Command->call('db:seed', Array)
#37 C:\\Users\\DINAKARA\\OneDrive\\Desktop\\proposal\\mine\\project\\BackEnd\\RFIDBACKEND\\vendor\\laravel\\framework\\src\\Illuminate\\Database\\Console\\Migrations\\FreshCommand.php(69): Illuminate\\Database\\Console\\Migrations\\FreshCommand->runSeeder(NULL)
#38 C:\\Users\\DINAKARA\\OneDrive\\Desktop\\proposal\\mine\\project\\BackEnd\\RFIDBACKEND\\vendor\\laravel\\framework\\src\\Illuminate\\Container\\BoundMethod.php(36): Illuminate\\Database\\Console\\Migrations\\FreshCommand->handle()
#39 C:\\Users\\DINAKARA\\OneDrive\\Desktop\\proposal\\mine\\project\\BackEnd\\RFIDBACKEND\\vendor\\laravel\\framework\\src\\Illuminate\\Container\\Util.php(41): Illuminate\\Container\\BoundMethod::Illuminate\\Container\\{closure}()
#40 C:\\Users\\DINAKARA\\OneDrive\\Desktop\\proposal\\mine\\project\\BackEnd\\RFIDBACKEND\\vendor\\laravel\\framework\\src\\Illuminate\\Container\\BoundMethod.php(93): Illuminate\\Container\\Util::unwrapIfClosure(Object(Closure))
#41 C:\\Users\\DINAKARA\\OneDrive\\Desktop\\proposal\\mine\\project\\BackEnd\\RFIDBACKEND\\vendor\\laravel\\framework\\src\\Illuminate\\Container\\BoundMethod.php(37): Illuminate\\Container\\BoundMethod::callBoundMethod(Object(Illuminate\\Foundation\\Application), Array, Object(Closure))
#42 C:\\Users\\DINAKARA\\OneDrive\\Desktop\\proposal\\mine\\project\\BackEnd\\RFIDBACKEND\\vendor\\laravel\\framework\\src\\Illuminate\\Container\\Container.php(662): Illuminate\\Container\\BoundMethod::call(Object(Illuminate\\Foundation\\Application), Array, Array, NULL)
#43 C:\\Users\\DINAKARA\\OneDrive\\Desktop\\proposal\\mine\\project\\BackEnd\\RFIDBACKEND\\vendor\\laravel\\framework\\src\\Illuminate\\Console\\Command.php(211): Illuminate\\Container\\Container->call(Array)
#44 C:\\Users\\DINAKARA\\OneDrive\\Desktop\\proposal\\mine\\project\\BackEnd\\RFIDBACKEND\\vendor\\symfony\\console\\Command\\Command.php(326): Illuminate\\Console\\Command->execute(Object(Symfony\\Component\\Console\\Input\\ArgvInput), Object(Illuminate\\Console\\OutputStyle))
#45 C:\\Users\\DINAKARA\\OneDrive\\Desktop\\proposal\\mine\\project\\BackEnd\\RFIDBACKEND\\vendor\\laravel\\framework\\src\\Illuminate\\Console\\Command.php(181): Symfony\\Component\\Console\\Command\\Command->run(Object(Symfony\\Component\\Console\\Input\\ArgvInput), Object(Illuminate\\Console\\OutputStyle))
#46 C:\\Users\\DINAKARA\\OneDrive\\Desktop\\proposal\\mine\\project\\BackEnd\\RFIDBACKEND\\vendor\\symfony\\console\\Application.php(1096): Illuminate\\Console\\Command->run(Object(Symfony\\Component\\Console\\Input\\ArgvInput), Object(Symfony\\Component\\Console\\Output\\ConsoleOutput))
#47 C:\\Users\\DINAKARA\\OneDrive\\Desktop\\proposal\\mine\\project\\BackEnd\\RFIDBACKEND\\vendor\\symfony\\console\\Application.php(324): Symfony\\Component\\Console\\Application->doRunCommand(Object(Illuminate\\Database\\Console\\Migrations\\FreshCommand), Object(Symfony\\Component\\Console\\Input\\ArgvInput), Object(Symfony\\Component\\Console\\Output\\ConsoleOutput))
#48 C:\\Users\\DINAKARA\\OneDrive\\Desktop\\proposal\\mine\\project\\BackEnd\\RFIDBACKEND\\vendor\\symfony\\console\\Application.php(175): Symfony\\Component\\Console\\Application->doRun(Object(Symfony\\Component\\Console\\Input\\ArgvInput), Object(Symfony\\Component\\Console\\Output\\ConsoleOutput))
#49 C:\\Users\\DINAKARA\\OneDrive\\Desktop\\proposal\\mine\\project\\BackEnd\\RFIDBACKEND\\vendor\\laravel\\framework\\src\\Illuminate\\Foundation\\Console\\Kernel.php(201): Symfony\\Component\\Console\\Application->run(Object(Symfony\\Component\\Console\\Input\\ArgvInput), Object(Symfony\\Component\\Console\\Output\\ConsoleOutput))
#50 C:\\Users\\DINAKARA\\OneDrive\\Desktop\\proposal\\mine\\project\\BackEnd\\RFIDBACKEND\\artisan(37): Illuminate\\Foundation\\Console\\Kernel->handle(Object(Symfony\\Component\\Console\\Input\\ArgvInput), Object(Symfony\\Component\\Console\\Output\\ConsoleOutput))
#51 {main}
"} 
[2024-03-17 12:24:59] local.ERROR: No arguments expected for "migrate:rollback" command, got "step=3". {"exception":"[object] (Symfony\\Component\\Console\\Exception\\RuntimeException(code: 0): No arguments expected for \"migrate:rollback\" command, got \"step=3\". at C:\\Users\\DINAKARA\\OneDrive\\Desktop\\proposal\\mine\\project\\BackEnd\\RFIDBACKEND\\vendor\\symfony\\console\\Input\\ArgvInput.php:196)
[stacktrace]
#0 C:\\Users\\DINAKARA\\OneDrive\\Desktop\\proposal\\mine\\project\\BackEnd\\RFIDBACKEND\\vendor\\symfony\\console\\Input\\ArgvInput.php(89): Symfony\\Component\\Console\\Input\\ArgvInput->parseArgument('\\xE2\\x80\\x93step=3')
#1 C:\\Users\\DINAKARA\\OneDrive\\Desktop\\proposal\\mine\\project\\BackEnd\\RFIDBACKEND\\vendor\\symfony\\console\\Input\\ArgvInput.php(74): Symfony\\Component\\Console\\Input\\ArgvInput->parseToken('\\xE2\\x80\\x93step=3', true)
#2 C:\\Users\\DINAKARA\\OneDrive\\Desktop\\proposal\\mine\\project\\BackEnd\\RFIDBACKEND\\vendor\\symfony\\console\\Input\\Input.php(56): Symfony\\Component\\Console\\Input\\ArgvInput->parse()
#3 C:\\Users\\DINAKARA\\OneDrive\\Desktop\\proposal\\mine\\project\\BackEnd\\RFIDBACKEND\\vendor\\symfony\\console\\Command\\Command.php(285): Symfony\\Component\\Console\\Input\\Input->bind(Object(Symfony\\Component\\Console\\Input\\InputDefinition))
#4 C:\\Users\\DINAKARA\\OneDrive\\Desktop\\proposal\\mine\\project\\BackEnd\\RFIDBACKEND\\vendor\\laravel\\framework\\src\\Illuminate\\Console\\Command.php(181): Symfony\\Component\\Console\\Command\\Command->run(Object(Symfony\\Component\\Console\\Input\\ArgvInput), Object(Illuminate\\Console\\OutputStyle))
#5 C:\\Users\\DINAKARA\\OneDrive\\Desktop\\proposal\\mine\\project\\BackEnd\\RFIDBACKEND\\vendor\\symfony\\console\\Application.php(1096): Illuminate\\Console\\Command->run(Object(Symfony\\Component\\Console\\Input\\ArgvInput), Object(Symfony\\Component\\Console\\Output\\ConsoleOutput))
#6 C:\\Users\\DINAKARA\\OneDrive\\Desktop\\proposal\\mine\\project\\BackEnd\\RFIDBACKEND\\vendor\\symfony\\console\\Application.php(324): Symfony\\Component\\Console\\Application->doRunCommand(Object(Illuminate\\Database\\Console\\Migrations\\RollbackCommand), Object(Symfony\\Component\\Console\\Input\\ArgvInput), Object(Symfony\\Component\\Console\\Output\\ConsoleOutput))
#7 C:\\Users\\DINAKARA\\OneDrive\\Desktop\\proposal\\mine\\project\\BackEnd\\RFIDBACKEND\\vendor\\symfony\\console\\Application.php(175): Symfony\\Component\\Console\\Application->doRun(Object(Symfony\\Component\\Console\\Input\\ArgvInput), Object(Symfony\\Component\\Console\\Output\\ConsoleOutput))
#8 C:\\Users\\DINAKARA\\OneDrive\\Desktop\\proposal\\mine\\project\\BackEnd\\RFIDBACKEND\\vendor\\laravel\\framework\\src\\Illuminate\\Foundation\\Console\\Kernel.php(201): Symfony\\Component\\Console\\Application->run(Object(Symfony\\Component\\Console\\Input\\ArgvInput), Object(Symfony\\Component\\Console\\Output\\ConsoleOutput))
#9 C:\\Users\\DINAKARA\\OneDrive\\Desktop\\proposal\\mine\\project\\BackEnd\\RFIDBACKEND\\artisan(37): Illuminate\\Foundation\\Console\\Kernel->handle(Object(Symfony\\Component\\Console\\Input\\ArgvInput), Object(Symfony\\Component\\Console\\Output\\ConsoleOutput))
#10 {main}
"} 
